# JRE version: OpenJDK Runtime Environment (14.0.2+12) (build 14.0.2+12-46)
# Java VM: OpenJDK 64-Bit Server VM (14.0.2+12-46, mixed mode, tiered, compressed oops, g1 gc, linux-amd64)
Heap:
 garbage-first heap   total 91136K, used 68173K [0x0000000087800000, 0x0000000100000000)
  region size 1024K, 44 young (45056K), 1 survivors (1024K)
 Metaspace       used 62495K, capacity 63863K, committed 64076K, reserved 1105920K
  class space    used 7444K, capacity 7974K, committed 8012K, reserved 1048576K
GC Heap History (20 events):
Event: 156,190 GC heap before
{Heap before GC invocations=36 (full 0):
 garbage-first heap   total 91136K, used 75374K [0x0000000087800000, 0x0000000100000000)
  region size 1024K, 53 young (54272K), 3 survivors (3072K)
 Metaspace       used 61211K, capacity 62605K, committed 62924K, reserved 1103872K
  class space    used 7337K, capacity 7869K, committed 7884K, reserved 1048576K
}
Event: 156,196 GC heap after
{Heap after GC invocations=37 (full 0):
 garbage-first heap   total 91136K, used 25522K [0x0000000087800000, 0x0000000100000000)
  region size 1024K, 3 young (3072K), 3 survivors (3072K)
 Metaspace       used 61211K, capacity 62605K, committed 62924K, reserved 1103872K
  class space    used 7337K, capacity 7869K, committed 7884K, reserved 1048576K
}
Event: 160,926 GC heap before
{Heap before GC invocations=37 (full 0):
 garbage-first heap   total 91136K, used 76722K [0x0000000087800000, 0x0000000100000000)
  region size 1024K, 53 young (54272K), 3 survivors (3072K)
 Metaspace       used 61229K, capacity 62605K, committed 62924K, reserved 1103872K
  class space    used 7337K, capacity 7869K, committed 7884K, reserved 1048576K
}
Event: 160,931 GC heap after
{Heap after GC invocations=38 (full 0):
 garbage-first heap   total 91136K, used 24985K [0x0000000087800000, 0x0000000100000000)
  region size 1024K, 2 young (2048K), 2 survivors (2048K)
 Metaspace       used 61229K, capacity 62605K, committed 62924K, reserved 1103872K
  class space    used 7337K, capacity 7869K, committed 7884K, reserved 1048576K
}
Event: 164,074 GC heap before
{Heap before GC invocations=38 (full 0):
 garbage-first heap   total 91136K, used 77209K [0x0000000087800000, 0x0000000100000000)
  region size 1024K, 53 young (54272K), 2 survivors (2048K)
 Metaspace       used 61301K, capacity 62669K, committed 62924K, reserved 1103872K
  class space    used 7337K, capacity 7869K, committed 7884K, reserved 1048576K
}
Event: 164,077 GC heap after
{Heap after GC invocations=39 (full 0):
 garbage-first heap   total 91136K, used 25130K [0x0000000087800000, 0x0000000100000000)
  region size 1024K, 2 young (2048K), 2 survivors (2048K)
 Metaspace       used 61301K, capacity 62669K, committed 62924K, reserved 1103872K
  class space    used 7337K, capacity 7869K, committed 7884K, reserved 1048576K
}
Event: 167,878 GC heap before
{Heap before GC invocations=39 (full 0):
 garbage-first heap   total 91136K, used 76330K [0x0000000087800000, 0x0000000100000000)
  region size 1024K, 53 young (54272K), 2 survivors (2048K)
 Metaspace       used 61344K, capacity 62734K, committed 62924K, reserved 1103872K
  class space    used 7337K, capacity 7869K, committed 7884K, reserved 1048576K
}
Event: 167,889 GC heap after
{Heap after GC invocations=40 (full 0):
 garbage-first heap   total 91136K, used 24488K [0x0000000087800000, 0x0000000100000000)
  region size 1024K, 2 young (2048K), 2 survivors (2048K)
 Metaspace       used 61344K, capacity 62734K, committed 62924K, reserved 1103872K
  class space    used 7337K, capacity 7869K, committed 7884K, reserved 1048576K
}
Event: 171,951 GC heap before
{Heap before GC invocations=40 (full 0):
 garbage-first heap   total 91136K, used 75688K [0x0000000087800000, 0x0000000100000000)
  region size 1024K, 53 young (54272K), 2 survivors (2048K)
 Metaspace       used 61358K, capacity 62734K, committed 62924K, reserved 1103872K
  class space    used 7337K, capacity 7869K, committed 7884K, reserved 1048576K
}
Event: 171,961 GC heap after
{Heap after GC invocations=41 (full 0):
 garbage-first heap   total 91136K, used 25068K [0x0000000087800000, 0x0000000100000000)
  region size 1024K, 1 young (1024K), 1 survivors (1024K)
 Metaspace       used 61358K, capacity 62734K, committed 62924K, reserved 1103872K
  class space    used 7337K, capacity 7869K, committed 7884K, reserved 1048576K
}
Event: 175,109 GC heap before
{Heap before GC invocations=41 (full 0):
 garbage-first heap   total 91136K, used 77292K [0x0000000087800000, 0x0000000100000000)
  region size 1024K, 52 young (53248K), 1 survivors (1024K)
 Metaspace       used 61372K, capacity 62736K, committed 62924K, reserved 1103872K
  class space    used 7337K, capacity 7869K, committed 7884K, reserved 1048576K
}
Event: 175,112 GC heap after
{Heap after GC invocations=42 (full 0):
 garbage-first heap   total 91136K, used 25305K [0x0000000087800000, 0x0000000100000000)
  region size 1024K, 1 young (1024K), 1 survivors (1024K)
 Metaspace       used 61372K, capacity 62736K, committed 62924K, reserved 1103872K
  class space    used 7337K, capacity 7869K, committed 7884K, reserved 1048576K
}
Event: 179,824 GC heap before
{Heap before GC invocations=42 (full 0):
 garbage-first heap   total 91136K, used 76505K [0x0000000087800000, 0x0000000100000000)
  region size 1024K, 52 young (53248K), 1 survivors (1024K)
 Metaspace       used 61443K, capacity 62840K, committed 62924K, reserved 1103872K
  class space    used 7337K, capacity 7869K, committed 7884K, reserved 1048576K
}
Event: 179,827 GC heap after
{Heap after GC invocations=43 (full 0):
 garbage-first heap   total 91136K, used 25075K [0x0000000087800000, 0x0000000100000000)
  region size 1024K, 1 young (1024K), 1 survivors (1024K)
 Metaspace       used 61443K, capacity 62840K, committed 62924K, reserved 1103872K
  class space    used 7337K, capacity 7869K, committed 7884K, reserved 1048576K
}
Event: 183,037 GC heap before
{Heap before GC invocations=43 (full 0):
 garbage-first heap   total 91136K, used 76275K [0x0000000087800000, 0x0000000100000000)
  region size 1024K, 52 young (53248K), 1 survivors (1024K)
 Metaspace       used 61446K, capacity 62840K, committed 62924K, reserved 1103872K
  class space    used 7337K, capacity 7869K, committed 7884K, reserved 1048576K
}
Event: 183,042 GC heap after
{Heap after GC invocations=44 (full 0):
 garbage-first heap   total 91136K, used 25147K [0x0000000087800000, 0x0000000100000000)
  region size 1024K, 1 young (1024K), 1 survivors (1024K)
 Metaspace       used 61446K, capacity 62840K, committed 62924K, reserved 1103872K
  class space    used 7337K, capacity 7869K, committed 7884K, reserved 1048576K
}
Event: 187,811 GC heap before
{Heap before GC invocations=44 (full 0):
 garbage-first heap   total 91136K, used 76347K [0x0000000087800000, 0x0000000100000000)
  region size 1024K, 52 young (53248K), 1 survivors (1024K)
 Metaspace       used 61507K, capacity 62906K, committed 63180K, reserved 1103872K
  class space    used 7337K, capacity 7869K, committed 7884K, reserved 1048576K
}
Event: 187,815 GC heap after
{Heap after GC invocations=45 (full 0):
 garbage-first heap   total 91136K, used 25023K [0x0000000087800000, 0x0000000100000000)
  region size 1024K, 1 young (1024K), 1 survivors (1024K)
 Metaspace       used 61507K, capacity 62906K, committed 63180K, reserved 1103872K
  class space    used 7337K, capacity 7869K, committed 7884K, reserved 1048576K
}
Event: 190,956 GC heap before
{Heap before GC invocations=45 (full 0):
 garbage-first heap   total 91136K, used 77247K [0x0000000087800000, 0x0000000100000000)
  region size 1024K, 52 young (53248K), 1 survivors (1024K)
 Metaspace       used 61508K, capacity 62906K, committed 63180K, reserved 1103872K
  class space    used 7337K, capacity 7869K, committed 7884K, reserved 1048576K
}
Event: 190,958 GC heap after
{Heap after GC invocations=46 (full 0):
 garbage-first heap   total 91136K, used 25165K [0x0000000087800000, 0x0000000100000000)
  region size 1024K, 1 young (1024K), 1 survivors (1024K)
 Metaspace       used 61508K, capacity 62906K, committed 63180K, reserved 1103872K
  class space    used 7337K, capacity 7869K, committed 7884K, reserved 1048576K
}

